#-----------------------------------------------------------
# Vivado v2017.1 (64-bit)
# SW Build 1846317 on Fri Apr 14 18:55:03 MDT 2017
# IP Build 1846188 on Fri Apr 14 20:52:08 MDT 2017
# Start of session at: Thu Nov 14 12:59:57 2019
# Process ID: 5328
# Current directory: D:/CODWork/MCCPU_SOC
# Command line: vivado.exe -gui_launcher_event rodinguilauncherevent5240 D:\CODWork\MCCPU_SOC\MCCPU_SOC.xpr
# Log file: D:/CODWork/MCCPU_SOC/vivado.log
# Journal file: D:/CODWork/MCCPU_SOC\vivado.jou
#-----------------------------------------------------------
start_gui
open_project D:/CODWork/MCCPU_SOC/MCCPU_SOC.xpr
Scanning sources...
Finished scanning sources
INFO: [IP_Flow 19-234] Refreshing IP repositories
INFO: [IP_Flow 19-1704] No user IP repositories specified
INFO: [IP_Flow 19-2313] Loaded Vivado IP repository 'D:/Xilinx/Vivado/2017.1/data/ip'.
update_compile_order -fileset sources_1
reset_run synth_1
launch_runs synth_1 -jobs 2
[Thu Nov 14 13:05:05 2019] Launched synth_1...
Run output will be captured here: D:/CODWork/MCCPU_SOC/MCCPU_SOC.runs/synth_1/runme.log
launch_runs impl_1 -jobs 2
[Thu Nov 14 13:12:29 2019] Launched impl_1...
Run output will be captured here: D:/CODWork/MCCPU_SOC/MCCPU_SOC.runs/impl_1/runme.log
launch_runs impl_1 -to_step write_bitstream -jobs 2
[Thu Nov 14 13:16:22 2019] Launched impl_1...
Run output will be captured here: D:/CODWork/MCCPU_SOC/MCCPU_SOC.runs/impl_1/runme.log
exit
INFO: [Common 17-206] Exiting Vivado at Thu Nov 14 13:29:35 2019...
