#-----------------------------------------------------------
# Vivado v2017.1 (64-bit)
# SW Build 1846317 on Fri Apr 14 18:55:03 MDT 2017
# IP Build 1846188 on Fri Apr 14 20:52:08 MDT 2017
# Start of session at: Tue Nov  5 15:40:13 2019
# Process ID: 756
# Current directory: D:/CODWork/SCCPUJAL_SOC
# Command line: vivado.exe -gui_launcher_event rodinguilauncherevent4860 D:\CODWork\SCCPUJAL_SOC\SCCPUJAL_SOC.xpr
# Log file: D:/CODWork/SCCPUJAL_SOC/vivado.log
# Journal file: D:/CODWork/SCCPUJAL_SOC\vivado.jou
#-----------------------------------------------------------
start_gui
open_project D:/CODWork/SCCPUJAL_SOC/SCCPUJAL_SOC.xpr
CRITICAL WARNING: [Project 1-19] Could not find the file 'c:/Users/Liu/Desktop/source/Testing Code/mipstestloopjal_fpga.coe'.
Scanning sources...
Finished scanning sources
INFO: [IP_Flow 19-234] Refreshing IP repositories
INFO: [IP_Flow 19-1704] No user IP repositories specified
INFO: [IP_Flow 19-2313] Loaded Vivado IP repository 'D:/Xilinx/Vivado/2017.1/data/ip'.
update_compile_order -fileset sources_1
update_files -from_files D:/CODWork/SCCPUJAL_SOC/SCCPUJAL_SOC.ip_user_files/mem_init_files/mipstestloopjal_fpga.coe -to_files {{c:/Users/Liu/Desktop/source/Testing Code/mipstestloopjal_fpga.coe}} -filesets [get_filesets *]
INFO: [filemgmt 20-762] Replacing file 'c:/Users/Liu/Desktop/source/Testing Code/mipstestloopjal_fpga.coe' with file 'D:/CODWork/SCCPUJAL_SOC/SCCPUJAL_SOC.ip_user_files/mem_init_files/mipstestloopjal_fpga.coe'.
set_property -dict [list CONFIG.coefficient_file {D:/CODWork/SCCPUJAL_SOC/SCCPUJAL_SOC.ip_user_files/mem_init_files/mipstestloopjal_fpga.coe}] [get_ips imem]
INFO: [IP_Flow 19-3484] Absolute path of file 'd:/CODWork/SCCPUJAL_SOC/SCCPUJAL_SOC.ip_user_files/mem_init_files/mipstestloopjal_fpga.coe' provided. It will be converted relative to IP Instance files '../../../../SCCPUJAL_SOC.ip_user_files/mem_init_files/mipstestloopjal_fpga.coe'
generate_target all [get_files  D:/CODWork/SCCPUJAL_SOC/SCCPUJAL_SOC.srcs/sources_1/ip/imem/imem.xci]
INFO: [IP_Flow 19-1686] Generating 'Instantiation Template' target for IP 'imem'...
INFO: [IP_Flow 19-1686] Generating 'Synthesis' target for IP 'imem'...
INFO: [IP_Flow 19-1686] Generating 'Simulation' target for IP 'imem'...
INFO: [IP_Flow 19-1686] Generating 'Change Log' target for IP 'imem'...
catch { config_ip_cache -export [get_ips -all imem] }
export_ip_user_files -of_objects [get_files D:/CODWork/SCCPUJAL_SOC/SCCPUJAL_SOC.srcs/sources_1/ip/imem/imem.xci] -no_script -sync -force -quiet
reset_run imem_synth_1
launch_runs -jobs 2 imem_synth_1
[Tue Nov  5 15:49:29 2019] Launched imem_synth_1...
Run output will be captured here: D:/CODWork/SCCPUJAL_SOC/SCCPUJAL_SOC.runs/imem_synth_1/runme.log
export_simulation -of_objects [get_files D:/CODWork/SCCPUJAL_SOC/SCCPUJAL_SOC.srcs/sources_1/ip/imem/imem.xci] -directory D:/CODWork/SCCPUJAL_SOC/SCCPUJAL_SOC.ip_user_files/sim_scripts -ip_user_files_dir D:/CODWork/SCCPUJAL_SOC/SCCPUJAL_SOC.ip_user_files -ipstatic_source_dir D:/CODWork/SCCPUJAL_SOC/SCCPUJAL_SOC.ip_user_files/ipstatic -lib_map_path [list {modelsim=D:/CODWork/SCCPUJAL_SOC/SCCPUJAL_SOC.cache/compile_simlib/modelsim} {questa=D:/CODWork/SCCPUJAL_SOC/SCCPUJAL_SOC.cache/compile_simlib/questa} {riviera=D:/CODWork/SCCPUJAL_SOC/SCCPUJAL_SOC.cache/compile_simlib/riviera} {activehdl=D:/CODWork/SCCPUJAL_SOC/SCCPUJAL_SOC.cache/compile_simlib/activehdl}] -use_ip_compiled_libs -force -quiet
reset_run synth_1
launch_runs impl_1 -to_step write_bitstream -jobs 2
[Tue Nov  5 15:57:30 2019] Launched synth_1...
Run output will be captured here: D:/CODWork/SCCPUJAL_SOC/SCCPUJAL_SOC.runs/synth_1/runme.log
[Tue Nov  5 15:57:30 2019] Launched impl_1...
Run output will be captured here: D:/CODWork/SCCPUJAL_SOC/SCCPUJAL_SOC.runs/impl_1/runme.log
exit
INFO: [Common 17-206] Exiting Vivado at Tue Nov  5 16:04:28 2019...
